[INFO  - 2019-06-08T11:17:35.396Z] GhostDriver - Main - running on port 19721
[INFO  - 2019-06-08T11:17:36.852Z] Session [052369b0-89df-11e9-9eef-718c770f8ca4] - page.settings - {"XSSAuditingEnabled":false,"javascriptCanCloseWindows":true,"javascriptCanOpenWindows":true,"javascriptEnabled":true,"loadImages":true,"localToRemoteUrlAccessEnabled":false,"userAgent":"Mozilla/5.0 (Windows NT 6.2; WOW64) AppleWebKit/538.1 (KHTML, like Gecko) PhantomJS/2.1.1 Safari/538.1","webSecurityEnabled":true}
[INFO  - 2019-06-08T11:17:36.852Z] Session [052369b0-89df-11e9-9eef-718c770f8ca4] - page.customHeaders:  - {}
[INFO  - 2019-06-08T11:17:36.853Z] Session [052369b0-89df-11e9-9eef-718c770f8ca4] - Session.negotiatedCapabilities - {"browserName":"phantomjs","version":"2.1.1","driverName":"ghostdriver","driverVersion":"1.2.0","platform":"windows-10-32bit","javascriptEnabled":true,"takesScreenshot":true,"handlesAlerts":false,"databaseEnabled":false,"locationContextEnabled":false,"applicationCacheEnabled":false,"browserConnectionEnabled":false,"cssSelectorsEnabled":true,"webStorageEnabled":false,"rotatable":false,"acceptSslCerts":false,"nativeEvents":true,"proxy":{"proxyType":"direct"}}
[INFO  - 2019-06-08T11:17:36.853Z] SessionManagerReqHand - _postNewSessionCommand - New Session Created: 052369b0-89df-11e9-9eef-718c770f8ca4
[INFO  - 2019-06-08T11:17:39.268Z] ShutdownReqHand - _handle - About to shutdown
[INFO  - 2019-06-08T11:17:41.804Z] GhostDriver - Main - running on port 45235
[INFO  - 2019-06-08T11:17:42.410Z] Session [0872bbc0-89df-11e9-a32a-cdd822960747] - page.settings - {"XSSAuditingEnabled":false,"javascriptCanCloseWindows":true,"javascriptCanOpenWindows":true,"javascriptEnabled":true,"loadImages":true,"localToRemoteUrlAccessEnabled":false,"userAgent":"Mozilla/5.0 (Windows NT 6.2; WOW64) AppleWebKit/538.1 (KHTML, like Gecko) PhantomJS/2.1.1 Safari/538.1","webSecurityEnabled":true}
[INFO  - 2019-06-08T11:17:42.411Z] Session [0872bbc0-89df-11e9-a32a-cdd822960747] - page.customHeaders:  - {}
[INFO  - 2019-06-08T11:17:42.411Z] Session [0872bbc0-89df-11e9-a32a-cdd822960747] - Session.negotiatedCapabilities - {"browserName":"phantomjs","version":"2.1.1","driverName":"ghostdriver","driverVersion":"1.2.0","platform":"windows-10-32bit","javascriptEnabled":true,"takesScreenshot":true,"handlesAlerts":false,"databaseEnabled":false,"locationContextEnabled":false,"applicationCacheEnabled":false,"browserConnectionEnabled":false,"cssSelectorsEnabled":true,"webStorageEnabled":false,"rotatable":false,"acceptSslCerts":false,"nativeEvents":true,"proxy":{"proxyType":"direct"}}
[INFO  - 2019-06-08T11:17:42.411Z] SessionManagerReqHand - _postNewSessionCommand - New Session Created: 0872bbc0-89df-11e9-a32a-cdd822960747
[INFO  - 2019-06-08T11:17:48.666Z] ShutdownReqHand - _handle - About to shutdown
[INFO  - 2019-06-08T11:24:54.224Z] GhostDriver - Main - running on port 16126
[INFO  - 2019-06-08T11:24:54.905Z] Session [0a3cd7f0-89e0-11e9-aa27-f52de01eb1a0] - page.settings - {"XSSAuditingEnabled":false,"javascriptCanCloseWindows":true,"javascriptCanOpenWindows":true,"javascriptEnabled":true,"loadImages":true,"localToRemoteUrlAccessEnabled":false,"userAgent":"Mozilla/5.0 (Windows NT 6.2; WOW64) AppleWebKit/538.1 (KHTML, like Gecko) PhantomJS/2.1.1 Safari/538.1","webSecurityEnabled":true}
[INFO  - 2019-06-08T11:24:54.905Z] Session [0a3cd7f0-89e0-11e9-aa27-f52de01eb1a0] - page.customHeaders:  - {}
[INFO  - 2019-06-08T11:24:54.905Z] Session [0a3cd7f0-89e0-11e9-aa27-f52de01eb1a0] - Session.negotiatedCapabilities - {"browserName":"phantomjs","version":"2.1.1","driverName":"ghostdriver","driverVersion":"1.2.0","platform":"windows-10-32bit","javascriptEnabled":true,"takesScreenshot":true,"handlesAlerts":false,"databaseEnabled":false,"locationContextEnabled":false,"applicationCacheEnabled":false,"browserConnectionEnabled":false,"cssSelectorsEnabled":true,"webStorageEnabled":false,"rotatable":false,"acceptSslCerts":false,"nativeEvents":true,"proxy":{"proxyType":"direct"}}
[INFO  - 2019-06-08T11:24:54.906Z] SessionManagerReqHand - _postNewSessionCommand - New Session Created: 0a3cd7f0-89e0-11e9-aa27-f52de01eb1a0
[INFO  - 2019-06-08T11:24:56.998Z] ShutdownReqHand - _handle - About to shutdown
[INFO  - 2019-06-08T11:24:59.154Z] GhostDriver - Main - running on port 6227
[INFO  - 2019-06-08T11:24:59.376Z] Session [0ce73770-89e0-11e9-8517-152228292851] - page.settings - {"XSSAuditingEnabled":false,"javascriptCanCloseWindows":true,"javascriptCanOpenWindows":true,"javascriptEnabled":true,"loadImages":true,"localToRemoteUrlAccessEnabled":false,"userAgent":"Mozilla/5.0 (Windows NT 6.2; WOW64) AppleWebKit/538.1 (KHTML, like Gecko) PhantomJS/2.1.1 Safari/538.1","webSecurityEnabled":true}
[INFO  - 2019-06-08T11:24:59.376Z] Session [0ce73770-89e0-11e9-8517-152228292851] - page.customHeaders:  - {}
[INFO  - 2019-06-08T11:24:59.377Z] Session [0ce73770-89e0-11e9-8517-152228292851] - Session.negotiatedCapabilities - {"browserName":"phantomjs","version":"2.1.1","driverName":"ghostdriver","driverVersion":"1.2.0","platform":"windows-10-32bit","javascriptEnabled":true,"takesScreenshot":true,"handlesAlerts":false,"databaseEnabled":false,"locationContextEnabled":false,"applicationCacheEnabled":false,"browserConnectionEnabled":false,"cssSelectorsEnabled":true,"webStorageEnabled":false,"rotatable":false,"acceptSslCerts":false,"nativeEvents":true,"proxy":{"proxyType":"direct"}}
[INFO  - 2019-06-08T11:24:59.377Z] SessionManagerReqHand - _postNewSessionCommand - New Session Created: 0ce73770-89e0-11e9-8517-152228292851
[INFO  - 2019-06-08T11:25:03.365Z] ShutdownReqHand - _handle - About to shutdown
[INFO  - 2019-06-10T22:04:01.188Z] GhostDriver - Main - running on port 28795
[INFO  - 2019-06-10T22:04:02.297Z] Session [a7e38ac0-8bcb-11e9-be98-5d263e9c8b19] - page.settings - {"XSSAuditingEnabled":false,"javascriptCanCloseWindows":true,"javascriptCanOpenWindows":true,"javascriptEnabled":true,"loadImages":true,"localToRemoteUrlAccessEnabled":false,"userAgent":"Mozilla/5.0 (Windows NT 6.2; WOW64) AppleWebKit/538.1 (KHTML, like Gecko) PhantomJS/2.1.1 Safari/538.1","webSecurityEnabled":true}
[INFO  - 2019-06-10T22:04:02.298Z] Session [a7e38ac0-8bcb-11e9-be98-5d263e9c8b19] - page.customHeaders:  - {}
[INFO  - 2019-06-10T22:04:02.298Z] Session [a7e38ac0-8bcb-11e9-be98-5d263e9c8b19] - Session.negotiatedCapabilities - {"browserName":"phantomjs","version":"2.1.1","driverName":"ghostdriver","driverVersion":"1.2.0","platform":"windows-10-32bit","javascriptEnabled":true,"takesScreenshot":true,"handlesAlerts":false,"databaseEnabled":false,"locationContextEnabled":false,"applicationCacheEnabled":false,"browserConnectionEnabled":false,"cssSelectorsEnabled":true,"webStorageEnabled":false,"rotatable":false,"acceptSslCerts":false,"nativeEvents":true,"proxy":{"proxyType":"direct"}}
[INFO  - 2019-06-10T22:04:02.298Z] SessionManagerReqHand - _postNewSessionCommand - New Session Created: a7e38ac0-8bcb-11e9-be98-5d263e9c8b19
[INFO  - 2019-06-10T22:04:04.945Z] ShutdownReqHand - _handle - About to shutdown
[INFO  - 2019-06-10T22:04:07.031Z] GhostDriver - Main - running on port 39213
[INFO  - 2019-06-10T22:04:07.323Z] Session [aae272e0-8bcb-11e9-869c-37facc542ce2] - page.settings - {"XSSAuditingEnabled":false,"javascriptCanCloseWindows":true,"javascriptCanOpenWindows":true,"javascriptEnabled":true,"loadImages":true,"localToRemoteUrlAccessEnabled":false,"userAgent":"Mozilla/5.0 (Windows NT 6.2; WOW64) AppleWebKit/538.1 (KHTML, like Gecko) PhantomJS/2.1.1 Safari/538.1","webSecurityEnabled":true}
[INFO  - 2019-06-10T22:04:07.323Z] Session [aae272e0-8bcb-11e9-869c-37facc542ce2] - page.customHeaders:  - {}
[INFO  - 2019-06-10T22:04:07.323Z] Session [aae272e0-8bcb-11e9-869c-37facc542ce2] - Session.negotiatedCapabilities - {"browserName":"phantomjs","version":"2.1.1","driverName":"ghostdriver","driverVersion":"1.2.0","platform":"windows-10-32bit","javascriptEnabled":true,"takesScreenshot":true,"handlesAlerts":false,"databaseEnabled":false,"locationContextEnabled":false,"applicationCacheEnabled":false,"browserConnectionEnabled":false,"cssSelectorsEnabled":true,"webStorageEnabled":false,"rotatable":false,"acceptSslCerts":false,"nativeEvents":true,"proxy":{"proxyType":"direct"}}
[INFO  - 2019-06-10T22:04:07.324Z] SessionManagerReqHand - _postNewSessionCommand - New Session Created: aae272e0-8bcb-11e9-869c-37facc542ce2
[INFO  - 2019-06-10T22:04:11.167Z] ShutdownReqHand - _handle - About to shutdown
